Arguments: 
  C:\Program Files\nodejs\node.exe E:\Tools\Yarn\bin\yarn.js build

PATH: 
  E:\Tools\cmder\vendor\git-for-windows\mingw64\bin;E:\Tools\cmder\vendor\git-for-windows\usr\bin;C:\Users\Administrator\bin;C:\ProgramData\Oracle\Java\javapath;C:\Windows\system32;C:\Windows;C:\Windows\System32\Wbem;C:\Windows\System32\WindowsPowerShell\v1.0;F:\Download\opencv-3.2.0-vc14\opencv\build\bin;C:\Program Files (x86)\Java\jre1.8.0_131\bin;C:\Program Files (x86)\Java\jdk1.8.0_131\bin;F:\Tools\Python27；F;E:\Tools\cmder\vendor\git-for-windows\Tools\Python27\Scripts;.;E:\Tools\cmder\vendor\git-for-windows\Program Files\nodejs;E:\Tools\TortoiseSVN\bin;C:\Program Files\nodejs;E:\Tools\Yarn\bin;E:\Tools\Microsoft VS Code\bin;C:\Program Files\Intel\WiFi\bin;C:\Program Files\Common Files\Intel\WirelessCommon;C:\Users\Administrator\AppData\Local\Microsoft\WindowsApps;C:\Users\Administrator\AppData\Roaming\npm;C:\Users\Administrator\AppData\Local\Yarn\bin;E:\Tools\Microsoft VS Code\bin;C:\Users\Administrator\AppData\Local\Programs\Microsoft VS Code\bin;C:\Program Files\Intel\WiFi\bin;C:\Program Files\Common Files\Intel\WirelessCommon

Yarn version: 
  1.22.5

Node version: 
  14.17.0

Platform: 
  win32 x64

Trace: 
  SyntaxError: E:\project\JS\2021-08-21\package.json: Unexpected token / in JSON at position 192
      at JSON.parse (<anonymous>)
      at E:\Tools\Yarn\lib\cli.js:1625:59
      at Generator.next (<anonymous>)
      at step (E:\Tools\Yarn\lib\cli.js:310:30)
      at E:\Tools\Yarn\lib\cli.js:321:13

npm manifest: 
  {
    "scripts": {
      "build":"rm -rf dist && parcel build src/index.html --no-optimize --public-url ./",
      "dev":"parcel src/index.html"
    },
    "name": "2021-08-21",
    "version": "1.0.0",
    // "main": "index.js",
    "repository": "git@github.com:Lemon1114/nav-demo.git",
    "author": "zhouleimeng <zlm6993@163.com>",
    "license": "MIT"
  }

yarn manifest: 
  No manifest

Lockfile: 
  No lockfile
